<?xml version="1.0" encoding="UTF-8"?>
<testsuite name="com.cjlu.backend.UploadAuthTest" tests="2" skipped="0" failures="0" errors="0" timestamp="2026-06-14T09:49:18.683Z" hostname="Yassines-MacBook-Air.local" time="0.484">
  <properties/>
  <testcase name="uploads_requireAuth" classname="com.cjlu.backend.UploadAuthTest" time="0.008"/>
  <testcase name="studentCanDownloadOwnAttachment_notOthers" classname="com.cjlu.backend.UploadAuthTest" time="0.476"/>
  <system-out><![CDATA[2026-06-14 17:49:18.685 [DefaultDispatcher-worker-1 @call-context#435] INFO  io.ktor.test - No ktor.deployment.watch patterns specified, automatic reload is not active.
2026-06-14 17:49:18.685 [DefaultDispatcher-worker-1 @call-context#435] INFO  io.ktor.test - Application started in 0.001 seconds.
2026-06-14 17:49:18.685 [DefaultDispatcher-worker-3 @coroutine#436] INFO  io.ktor.test - Responding at http://localhost:80
2026-06-14 17:49:18.685 [DefaultDispatcher-worker-3 @coroutine#436] INFO  io.ktor.test - Responding at https://localhost:443
2026-06-14 17:49:18.695 [DefaultDispatcher-worker-4 @call-context#447] INFO  io.ktor.test - No ktor.deployment.watch patterns specified, automatic reload is not active.
2026-06-14 17:49:18.695 [DefaultDispatcher-worker-4 @call-context#447] INFO  io.ktor.test - Application started in 0.001 seconds.
2026-06-14 17:49:18.695 [DefaultDispatcher-worker-6 @coroutine#448] INFO  io.ktor.test - Responding at http://localhost:80
2026-06-14 17:49:18.695 [DefaultDispatcher-worker-6 @coroutine#448] INFO  io.ktor.test - Responding at https://localhost:443
]]></system-out>
  <system-err><![CDATA[]]></system-err>
</testsuite>
