<?xml version="1.0" encoding="UTF-8"?>
<testsuite name="com.cjlu.backend.AdminIntegrationTest" tests="5" skipped="0" failures="0" errors="0" timestamp="2026-06-14T09:49:14.361Z" hostname="Yassines-MacBook-Air.local" time="0.023">
  <properties/>
  <testcase name="requestsJson_requiresAdminSession" classname="com.cjlu.backend.AdminIntegrationTest" time="0.006"/>
  <testcase name="dashboard_requiresSession" classname="com.cjlu.backend.AdminIntegrationTest" time="0.004"/>
  <testcase name="legacyRoot_redirectsToAdminDashboard" classname="com.cjlu.backend.AdminIntegrationTest" time="0.003"/>
  <testcase name="loginPage_rendersFreemarkerTemplate" classname="com.cjlu.backend.AdminIntegrationTest" time="0.005"/>
  <testcase name="loginPage_showsErrorQuery" classname="com.cjlu.backend.AdminIntegrationTest" time="0.005"/>
  <system-out><![CDATA[2026-06-14 17:49:14.364 [DefaultDispatcher-worker-3 @call-context#18] INFO  io.ktor.test - No ktor.deployment.watch patterns specified, automatic reload is not active.
2026-06-14 17:49:14.365 [DefaultDispatcher-worker-3 @call-context#18] INFO  io.ktor.test - Application started in 0.001 seconds.
2026-06-14 17:49:14.366 [DefaultDispatcher-worker-2 @coroutine#19] INFO  io.ktor.test - Responding at http://localhost:80
2026-06-14 17:49:14.366 [DefaultDispatcher-worker-2 @coroutine#19] INFO  io.ktor.test - Responding at https://localhost:443
2026-06-14 17:49:14.369 [DefaultDispatcher-worker-5 @call-context#27] INFO  io.ktor.test - No ktor.deployment.watch patterns specified, automatic reload is not active.
2026-06-14 17:49:14.370 [DefaultDispatcher-worker-5 @call-context#27] INFO  io.ktor.test - Application started in 0.001 seconds.
2026-06-14 17:49:14.370 [DefaultDispatcher-worker-3 @coroutine#28] INFO  io.ktor.test - Responding at http://localhost:80
2026-06-14 17:49:14.370 [DefaultDispatcher-worker-3 @coroutine#28] INFO  io.ktor.test - Responding at https://localhost:443
2026-06-14 17:49:14.372 [DefaultDispatcher-worker-4 @call-context#36] INFO  io.ktor.test - No ktor.deployment.watch patterns specified, automatic reload is not active.
2026-06-14 17:49:14.373 [DefaultDispatcher-worker-4 @call-context#36] INFO  io.ktor.test - Application started in 0.001 seconds.
2026-06-14 17:49:14.373 [DefaultDispatcher-worker-5 @coroutine#37] INFO  io.ktor.test - Responding at http://localhost:80
2026-06-14 17:49:14.373 [DefaultDispatcher-worker-5 @coroutine#37] INFO  io.ktor.test - Responding at https://localhost:443
2026-06-14 17:49:14.376 [DefaultDispatcher-worker-5 @call-context#45] INFO  io.ktor.test - No ktor.deployment.watch patterns specified, automatic reload is not active.
2026-06-14 17:49:14.377 [DefaultDispatcher-worker-5 @call-context#45] INFO  io.ktor.test - Application started in 0.001 seconds.
2026-06-14 17:49:14.377 [DefaultDispatcher-worker-4 @coroutine#46] INFO  io.ktor.test - Responding at http://localhost:80
2026-06-14 17:49:14.377 [DefaultDispatcher-worker-4 @coroutine#46] INFO  io.ktor.test - Responding at https://localhost:443
2026-06-14 17:49:14.381 [DefaultDispatcher-worker-3 @call-context#57] INFO  io.ktor.test - No ktor.deployment.watch patterns specified, automatic reload is not active.
2026-06-14 17:49:14.382 [DefaultDispatcher-worker-3 @call-context#57] INFO  io.ktor.test - Application started in 0.001 seconds.
2026-06-14 17:49:14.382 [DefaultDispatcher-worker-1 @coroutine#58] INFO  io.ktor.test - Responding at http://localhost:80
2026-06-14 17:49:14.382 [DefaultDispatcher-worker-1 @coroutine#58] INFO  io.ktor.test - Responding at https://localhost:443
]]></system-out>
  <system-err><![CDATA[]]></system-err>
</testsuite>
